1: package edu.cumt.IO;
2: 
3: import java.io.BufferedReader;
4: import java.io.IOException;
5: import java.io.PrintWriter;
6: import java.io.StringReader;
7: 
8: /**
9:  * Created by gaufung on 14/06/2017.
10:  */
11: public class FileOutputShortcut {
12:     static String file = "FileOutputShortcut.out";
13:     public static void main(String[] args) throws IOException{
14:         BufferedReader in = new BufferedReader(
15:                 new StringReader(BufferedInputFile.read("./src/edu/cumt/IO/FileOutputShortcut.java"))
16:         );
17:         PrintWriter out = new PrintWriter(file);
18:         int lineCount = 1;
19:         String s;
20:         while((s=in.readLine())!=null)
21:             out.println(lineCount++ + ": "+s);
22:         out.close();
23:         System.out.println(BufferedInputFile.read(file));
24:     }
25: }
