\BOOKMARK [-1][]{clunwentimu.-1}{\376\377\127\372\116\216\000S\000p\000a\000t\000i\000a\000l\000-\000S\000p\000a\000r\000k\155\167\221\317\177\121\176\334\172\172\225\364\145\160\143\156\122\006\147\220\116\016\136\224\165\050}{}% 1
\BOOKMARK [0][]{cumt@authorization@title.0}{\376\377\133\146\117\115\213\272\145\207\117\177\165\050\143\210\147\103\130\360\146\016}{clunwentimu.-1}% 2
\BOOKMARK [0][]{cumt@acknowledgements@title.0}{\376\377\201\364\214\042}{clunwentimu.-1}% 3
\BOOKMARK [0][]{section*.2}{\376\377\144\130\211\201}{clunwentimu.-1}% 4
\BOOKMARK [0][]{section*.4}{\376\377\166\356\137\125}{clunwentimu.-1}% 5
\BOOKMARK [0][]{section*.6}{\376\377\126\376\156\005\123\125}{clunwentimu.-1}% 6
\BOOKMARK [0][]{section*.8}{\376\377\210\150\156\005\123\125}{clunwentimu.-1}% 7
\BOOKMARK [0][]{section*.10}{\376\377\123\330\221\317\154\350\221\312\210\150}{clunwentimu.-1}% 8
\BOOKMARK [0][]{chapter.1}{\376\377\0001\000\040\176\352\213\272}{clunwentimu.-1}% 9
\BOOKMARK [1][]{section.1.1}{\376\377\0001\000.\0001\000\040\170\024\172\166\200\314\146\157\124\214\141\017\116\111}{chapter.1}% 10
\BOOKMARK [1][]{section.1.2}{\376\377\0001\000.\0002\000\040\126\375\121\205\131\026\170\024\172\166\163\260\162\266}{chapter.1}% 11
\BOOKMARK [1][]{section.1.3}{\376\377\0001\000.\0003\000\040\170\024\172\166\121\205\133\271\124\214\142\200\147\057\215\357\176\277}{chapter.1}% 12
\BOOKMARK [1][]{section.1.4}{\376\377\0001\000.\0004\000\040\213\272\145\207\176\323\147\204\133\211\143\222}{chapter.1}% 13
\BOOKMARK [0][]{chapter.2}{\376\377\0002\000\040\166\370\121\163\142\200\147\057}{clunwentimu.-1}% 14
\BOOKMARK [1][]{section.2.1}{\376\377\0002\000.\0001\000\040\000H\000a\000d\000o\000o\000p\142\200\147\057}{chapter.2}% 15
\BOOKMARK [1][]{section.2.2}{\376\377\0002\000.\0002\000\040\000S\000p\000a\000r\000k\213\241\173\227\150\106\147\266}{chapter.2}% 16
\BOOKMARK [1][]{section.2.3}{\376\377\0002\000.\0003\000\040\172\172\225\364\145\160\143\156\143\026\143\230}{chapter.2}% 17
\BOOKMARK [1][]{section.2.4}{\376\377\0002\000.\0004\000\040\145\260\155\152\137\256\123\132\145\160\143\156\143\245\123\343}{chapter.2}% 18
\BOOKMARK [1][]{section.2.5}{\376\377\0002\000.\0005\000\040\147\054\172\340\134\017\176\323}{chapter.2}% 19
\BOOKMARK [0][]{chapter.3}{\376\377\0003\000\040\000S\000p\000a\000t\000i\000a\000l\000-\000S\000p\000a\000r\000k\213\241\173\227\150\106\147\266}{clunwentimu.-1}% 20
\BOOKMARK [1][]{section.3.1}{\376\377\0003\000.\0001\000\040\172\172\225\364\145\160\143\156\122\006\147\220\131\004\164\006}{chapter.3}% 21
\BOOKMARK [1][]{section.3.2}{\376\377\0003\000.\0002\000\040\000R\000D\000D\172\172\225\364\142\151\134\125}{chapter.3}% 22
\BOOKMARK [1][]{section.3.3}{\376\377\0003\000.\0003\000\040\000S\000p\000a\000t\000i\000a\000l\000-\000S\000p\000a\000r\000k\133\236\232\214\122\006\147\220}{chapter.3}% 23
\BOOKMARK [1][]{section.3.4}{\376\377\0003\000.\0004\000\040\147\054\172\340\134\017\176\323}{chapter.3}% 24
\BOOKMARK [0][]{chapter.4}{\376\377\0004\000\040\000P\000O\000I\172\172\225\364\145\160\143\156\122\006\147\220}{clunwentimu.-1}% 25
\BOOKMARK [1][]{section.4.1}{\376\377\0004\000.\0001\000\040\000P\000O\000I\145\160\143\156\203\267\123\326}{chapter.4}% 26
\BOOKMARK [1][]{section.4.2}{\376\377\0004\000.\0002\000\040\176\337\213\241\122\006\147\220}{chapter.4}% 27
\BOOKMARK [1][]{section.4.3}{\376\377\0004\000.\0003\000\040\124\014\117\115\152\041\137\017}{chapter.4}% 28
\BOOKMARK [1][]{section.4.4}{\376\377\0004\000.\0004\000\040\137\256\123\132\000P\000O\000I\124\014\117\115\152\041\137\017}{chapter.4}% 29
\BOOKMARK [1][]{section.4.5}{\376\377\0004\000.\0005\000\040\147\054\172\340\134\017\176\323}{chapter.4}% 30
\BOOKMARK [0][]{chapter.5}{\376\377\0005\000\040\116\272\123\343\172\172\225\364\155\101\122\250\177\121\176\334\122\006\147\220}{clunwentimu.-1}% 31
\BOOKMARK [1][]{section.5.1}{\376\377\0005\000.\0001\000\040\145\160\143\156\203\267\123\326}{chapter.5}% 32
\BOOKMARK [1][]{section.5.2}{\376\377\0005\000.\0002\000\040\116\272\123\343\155\101\122\250\176\337\213\241}{chapter.5}% 33
\BOOKMARK [1][]{section.5.3}{\376\377\0005\000.\0003\000\040\116\272\123\343\155\101\124\021\122\006\147\220}{chapter.5}% 34
\BOOKMARK [1][]{section.5.4}{\376\377\0005\000.\0004\000\040\116\272\123\343\155\101\122\250\177\121\176\334\171\076\177\244\143\026\143\230}{chapter.5}% 35
\BOOKMARK [1][]{section.5.5}{\376\377\0005\000.\0005\000\040\147\054\172\340\134\017\176\323}{chapter.5}% 36
\BOOKMARK [0][]{chapter.6}{\376\377\0006\000\040\176\323\213\272\124\214\134\125\147\033}{clunwentimu.-1}% 37
\BOOKMARK [1][]{section.6.1}{\376\377\0006\000.\0001\000\040\176\323\213\272}{chapter.6}% 38
\BOOKMARK [1][]{section.6.2}{\376\377\0006\000.\0002\000\040\134\125\147\033}{chapter.6}% 39
\BOOKMARK [0][]{section*.103}{\376\377\123\302\200\003\145\207\163\056}{clunwentimu.-1}% 40
\BOOKMARK [0][]{section*.105}{\376\377\117\134\200\005\173\200\123\206}{clunwentimu.-1}% 41
\BOOKMARK [0][]{section*.111}{\376\377\133\146\117\115\213\272\145\207\123\237\122\033\140\047\130\360\146\016}{clunwentimu.-1}% 42
\BOOKMARK [0][]{section*.113}{\376\377\133\146\117\115\213\272\145\207\145\160\143\156\226\306}{clunwentimu.-1}% 43
